INFO: [VRFC 10-2263] Analyzing Verilog file "C:/Users/lenovo/Desktop/ice_pj/ice_pj.srcs/sources_1/new/adder.v" into library xil_defaultlib
INFO: [VRFC 10-311] analyzing module adder
INFO: [VRFC 10-2263] Analyzing Verilog file "C:/Users/lenovo/Desktop/ice_pj/ice_pj.srcs/sources_1/new/alu.v" into library xil_defaultlib
INFO: [VRFC 10-311] analyzing module alu
INFO: [VRFC 10-2263] Analyzing Verilog file "C:/Users/lenovo/Desktop/ice_pj/ice_pj.srcs/sources_1/new/controller.v" into library xil_defaultlib
INFO: [VRFC 10-311] analyzing module aludec
INFO: [VRFC 10-311] analyzing module maindec
INFO: [VRFC 10-311] analyzing module controller
INFO: [VRFC 10-2263] Analyzing Verilog file "C:/Users/lenovo/Desktop/ice_pj/ice_pj.srcs/sources_1/new/dataMem.v" into library xil_defaultlib
INFO: [VRFC 10-311] analyzing module dataMem
INFO: [VRFC 10-2263] Analyzing Verilog file "C:/Users/lenovo/Desktop/ice_pj/ice_pj.srcs/sources_1/new/datapath.v" into library xil_defaultlib
INFO: [VRFC 10-311] analyzing module datapath
INFO: [VRFC 10-2263] Analyzing Verilog file "C:/Users/lenovo/Desktop/ice_pj/ice_pj.srcs/sources_1/new/flopr.v" into library xil_defaultlib
INFO: [VRFC 10-311] analyzing module flopr
INFO: [VRFC 10-2263] Analyzing Verilog file "C:/Users/lenovo/Desktop/ice_pj/ice_pj.srcs/sources_1/new/instMem.v" into library xil_defaultlib
INFO: [VRFC 10-311] analyzing module instMem
INFO: [VRFC 10-2263] Analyzing Verilog file "C:/Users/lenovo/Desktop/ice_pj/ice_pj.srcs/sources_1/new/mips.v" into library xil_defaultlib
INFO: [VRFC 10-311] analyzing module mips
INFO: [VRFC 10-2263] Analyzing Verilog file "C:/Users/lenovo/Desktop/ice_pj/ice_pj.srcs/sources_1/new/mux2.v" into library xil_defaultlib
INFO: [VRFC 10-311] analyzing module mux2
INFO: [VRFC 10-2263] Analyzing Verilog file "C:/Users/lenovo/Desktop/ice_pj/ice_pj.srcs/sources_1/new/regfile.v" into library xil_defaultlib
INFO: [VRFC 10-311] analyzing module regfile
INFO: [VRFC 10-2263] Analyzing Verilog file "C:/Users/lenovo/Desktop/ice_pj/ice_pj.srcs/sources_1/new/signext.v" into library xil_defaultlib
INFO: [VRFC 10-311] analyzing module signext
INFO: [VRFC 10-2263] Analyzing Verilog file "C:/Users/lenovo/Desktop/ice_pj/ice_pj.srcs/sources_1/new/sl2.v" into library xil_defaultlib
INFO: [VRFC 10-311] analyzing module sl2
INFO: [VRFC 10-2263] Analyzing Verilog file "C:/Users/lenovo/Desktop/ice_pj/ice_pj.srcs/sources_1/new/top.v" into library xil_defaultlib
INFO: [VRFC 10-311] analyzing module top
INFO: [VRFC 10-2263] Analyzing Verilog file "C:/Users/lenovo/Desktop/ice_pj/ice_pj.srcs/sim_1/new/testbench.v" into library xil_defaultlib
INFO: [VRFC 10-311] analyzing module testbench
